<?xml version="1.0" encoding="UTF-8"?>
<!-- Generated by org.testng.reporters.JUnitReportReporter -->
<testsuite hostname="Sanjog-PC" failures="0" tests="2" name="tempTestPack.TestNgTestClass" time="36.265" errors="0" timestamp="2022-09-20T16:59:02 IST" skipped="0">
  <testcase classname="tempTestPack.TestNgTestClass" name="buyShare" time="29.727"/>
  <system-out/>
  <testcase classname="tempTestPack.TestNgTestClass" name="testMethod" time="6.538"/>
  <system-out/>
</testsuite> <!-- tempTestPack.TestNgTestClass -->
